#
# There is insufficient memory for the Java Runtime Environment to continue.
# Native memory allocation (mmap) failed to map 264241152 bytes for G1 virtual space
# Possible reasons:
#   The system is out of physical RAM or swap space
#   The process is running with CompressedOops enabled, and the Java Heap may be blocking the growth of the native heap
# Possible solutions:
#   Reduce memory load on the system
#   Increase physical memory or swap space
#   Check if swap backing store is full
#   Decrease Java heap size (-Xmx/-Xms)
#   Decrease number of Java threads
#   Decrease Java thread stack sizes (-Xss)
#   Set larger code cache with -XX:ReservedCodeCacheSize=
#   JVM is running with Zero Based Compressed Oops mode in which the Java heap is
#     placed in the first 32GB address space. The Java Heap base address is the
#     maximum limit for the native heap growth. Please use -XX:HeapBaseMinAddress
#     to set the Java Heap base and to place the Java Heap above 32GB virtual address.
# This output file may be truncated or incomplete.
#
#  Out of Memory Error (os_windows.cpp:3550), pid=21312, tid=22828
#
# JRE version:  (17.0.8+9) (build )
# Java VM: Java HotSpot(TM) 64-Bit Server VM (17.0.8+9-LTS-211, mixed mode, sharing, tiered, compressed oops, compressed class ptrs, g1 gc, windows-amd64)
# No core dump will be written. Minidumps are not enabled by default on client versions of Windows
#

---------------  S U M M A R Y ------------

Command Line: 

Host: 13th Gen Intel(R) Core(TM) i5-13450HX, 16 cores, 15G,  Windows 11 , 64 bit Build 26100 (10.0.26100.7920)
Time: Fri Apr 10 16:39:39 2026 W. Central Africa Standard Time elapsed time: 0.022079 seconds (0d 0h 0m 0s)

---------------  T H R E A D  ---------------

Current thread (0x000001cf13805850):  JavaThread "Unknown thread" [_thread_in_vm, id=22828, stack(0x0000005d52500000,0x0000005d52600000)]

Stack: [0x0000005d52500000,0x0000005d52600000]
Native frames: (J=compiled Java code, j=interpreted, Vv=VM code, C=native code)
V  [jvm.dll+0x677d0a]
V  [jvm.dll+0x7d8c54]
V  [jvm.dll+0x7da3fe]
V  [jvm.dll+0x7daa63]
V  [jvm.dll+0x245c5f]
V  [jvm.dll+0x674bb9]
V  [jvm.dll+0x6694f2]
V  [jvm.dll+0x3031d6]
V  [jvm.dll+0x30a756]
V  [jvm.dll+0x359f9e]
V  [jvm.dll+0x35a1cf]
V  [jvm.dll+0x2da3e8]
V  [jvm.dll+0x2db354]
V  [jvm.dll+0x7aa711]
V  [jvm.dll+0x367b51]
V  [jvm.dll+0x789979]
V  [jvm.dll+0x3eb05f]
V  [jvm.dll+0x3ecae1]
C  [jli.dll+0x5297]
C  [ucrtbase.dll+0x37b0]
C  [KERNEL32.DLL+0x2e8d7]
C  [ntdll.dll+0x8c48c]


---------------  P R O C E S S  ---------------

Threads class SMR info:
_java_thread_list=0x00007ffb284659d8, length=0, elements={
}

Java Threads: ( => current thread )

Other Threads:
  0x000001cf13870130 GCTaskThread "GC Thread#0" [stack: 0x0000005d52600000,0x0000005d52700000] [id=22012]
  0x000001cf13881b90 ConcurrentGCThread "G1 Main Marker" [stack: 0x0000005d52700000,0x0000005d52800000] [id=15416]
  0x000001cf138825a0 ConcurrentGCThread "G1 Conc#0" [stack: 0x0000005d52800000,0x0000005d52900000] [id=19180]

[error occurred during error reporting (printing all threads), id 0xc0000005, EXCEPTION_ACCESS_VIOLATION (0xc0000005) at pc=0x00007ffb27c9b047]

VM state: not at safepoint (not fully initialized)

VM Mutex/Monitor currently owned by a thread:  ([mutex/lock_event])
[0x000001cf13803da0] Heap_lock - owner thread: 0x000001cf13805850

Heap address: 0x0000000704e00000, size: 4018 MB, Compressed Oops mode: Zero based, Oop shift amount: 3

CDS archive(s) mapped at: [0x0000000000000000-0x0000000000000000-0x0000000000000000), size 0, SharedBaseAddress: 0x0000000800000000, ArchiveRelocationMode: 1.
Narrow klass base: 0x0000000000000000, Narrow klass shift: 0, Narrow klass range: 0x0

GC Precious Log:
<Empty>

Heap:
 garbage-first heap   total 0K, used 0K [0x0000000704e00000, 0x0000000800000000)
  region size 2048K, 0 young (0K), 0 survivors (0K)

[error occurred during error reporting (printing heap information), id 0xc0000005, EXCEPTION_ACCESS_VIOLATION (0xc0000005) at pc=0x00007ffb28081499]

GC Heap History (0 events):
No events

Deoptimization events (0 events):
No events

Classes unloaded (0 events):
No events

Classes redefined (0 events):
No events

Internal exceptions (0 events):
No events

VM Operations (0 events):
No events

Events (1 events):
Event: 0.007 Loaded shared library C:\Program Files\Java\jdk-17\bin\java.dll


Dynamic libraries:
0x00007ff709870000 - 0x00007ff709880000 	C:\Program Files\Java\jdk-17\bin\java.EXE
0x00007ffbf0ca0000 - 0x00007ffbf0f07000 	C:\WINDOWS\SYSTEM32\ntdll.dll
0x00007ffbefcd0000 - 0x00007ffbefd99000 	C:\WINDOWS\System32\KERNEL32.DLL
0x00007ffbed630000 - 0x00007ffbeda21000 	C:\WINDOWS\System32\KERNELBASE.dll
0x00007ffbee440000 - 0x00007ffbee58b000 	C:\WINDOWS\System32\ucrtbase.dll
0x00007ffbddcb0000 - 0x00007ffbddccb000 	C:\Program Files\Java\jdk-17\bin\VCRUNTIME140.dll
0x00007ffabb770000 - 0x00007ffabb789000 	C:\Program Files\Java\jdk-17\bin\jli.dll
0x00007ffbeeb60000 - 0x00007ffbeec1b000 	C:\WINDOWS\System32\ADVAPI32.dll
0x00007ffbef630000 - 0x00007ffbef6d9000 	C:\WINDOWS\System32\msvcrt.dll
0x00007ffbeff40000 - 0x00007ffbeffe7000 	C:\WINDOWS\System32\sechost.dll
0x00007ffbeea40000 - 0x00007ffbeeb58000 	C:\WINDOWS\System32\RPCRT4.dll
0x00007ffbec810000 - 0x00007ffbecaa3000 	C:\WINDOWS\WinSxS\amd64_microsoft.windows.common-controls_6595b64144ccf1df_6.0.26100.8037_none_3e092faae333b53b\COMCTL32.dll
0x00007ffbeed10000 - 0x00007ffbeeed5000 	C:\WINDOWS\System32\USER32.dll
0x00007ffbeef70000 - 0x00007ffbeef9b000 	C:\WINDOWS\System32\GDI32.dll
0x00007ffbee410000 - 0x00007ffbee437000 	C:\WINDOWS\System32\win32u.dll
0x00007ffbee7a0000 - 0x00007ffbee8cb000 	C:\WINDOWS\System32\gdi32full.dll
0x00007ffbed580000 - 0x00007ffbed623000 	C:\WINDOWS\System32\msvcp_win.dll
0x00007ffbe5ab0000 - 0x00007ffbe5abb000 	C:\WINDOWS\SYSTEM32\VERSION.dll
0x00007ffbf01d0000 - 0x00007ffbf0201000 	C:\WINDOWS\System32\IMM32.DLL
0x00007ffbe4da0000 - 0x00007ffbe4dac000 	C:\Program Files\Java\jdk-17\bin\vcruntime140_1.dll
0x00007ffb612e0000 - 0x00007ffb6136e000 	C:\Program Files\Java\jdk-17\bin\msvcp140.dll
0x00007ffb279b0000 - 0x00007ffb2858e000 	C:\Program Files\Java\jdk-17\bin\server\jvm.dll
0x00007ffbefcc0000 - 0x00007ffbefcc8000 	C:\WINDOWS\System32\PSAPI.DLL
0x00007ffbc5650000 - 0x00007ffbc565a000 	C:\WINDOWS\SYSTEM32\WSOCK32.dll
0x00007ffbe4880000 - 0x00007ffbe48b5000 	C:\WINDOWS\SYSTEM32\WINMM.dll
0x00007ffbef7a0000 - 0x00007ffbef814000 	C:\WINDOWS\System32\WS2_32.dll
0x00007ffbeb9e0000 - 0x00007ffbeb9fb000 	C:\WINDOWS\SYSTEM32\kernel.appcore.dll
0x00007ffbe4320000 - 0x00007ffbe432a000 	C:\Program Files\Java\jdk-17\bin\jimage.dll
0x00007ffbece50000 - 0x00007ffbed092000 	C:\WINDOWS\SYSTEM32\DBGHELP.DLL
0x00007ffbef2a0000 - 0x00007ffbef622000 	C:\WINDOWS\System32\combase.dll
0x00007ffbf0210000 - 0x00007ffbf02e7000 	C:\WINDOWS\System32\OLEAUT32.dll
0x00007ffbeccd0000 - 0x00007ffbecd0b000 	C:\WINDOWS\SYSTEM32\dbgcore.DLL
0x00007ffbee990000 - 0x00007ffbeea35000 	C:\WINDOWS\System32\bcryptPrimitives.dll
0x00007ffb8bd50000 - 0x00007ffb8bd75000 	C:\Program Files\Java\jdk-17\bin\java.dll

dbghelp: loaded successfully - version: 4.0.5 - missing functions: none
symbol engine: initialized successfully - sym options: 0x614 - pdb path: .;C:\Program Files\Java\jdk-17\bin;C:\WINDOWS\SYSTEM32;C:\WINDOWS\WinSxS\amd64_microsoft.windows.common-controls_6595b64144ccf1df_6.0.26100.8037_none_3e092faae333b53b;C:\Program Files\Java\jdk-17\bin\server

VM Arguments:
java_command: <unknown>
java_class_path (initial): <not set>
Launcher Type: SUN_STANDARD

[Global flags]
     intx CICompilerCount                          = 12                                        {product} {ergonomic}
     uint ConcGCThreads                            = 3                                         {product} {ergonomic}
     uint G1ConcRefinementThreads                  = 13                                        {product} {ergonomic}
   size_t G1HeapRegionSize                         = 2097152                                   {product} {ergonomic}
    uintx GCDrainStackTargetSize                   = 64                                        {product} {ergonomic}
   size_t InitialHeapSize                          = 264241152                                 {product} {ergonomic}
   size_t MarkStackSize                            = 4194304                                   {product} {ergonomic}
   size_t MaxHeapSize                              = 4213178368                                {product} {ergonomic}
   size_t MinHeapDeltaBytes                        = 2097152                                   {product} {ergonomic}
   size_t MinHeapSize                              = 8388608                                   {product} {ergonomic}
    uintx NonNMethodCodeHeapSize                   = 7602480                                {pd product} {ergonomic}
    uintx NonProfiledCodeHeapSize                  = 122027880                              {pd product} {ergonomic}
    uintx ProfiledCodeHeapSize                     = 122027880                              {pd product} {ergonomic}
    uintx ReservedCodeCacheSize                    = 251658240                              {pd product} {ergonomic}
     bool SegmentedCodeCache                       = true                                      {product} {ergonomic}
   size_t SoftMaxHeapSize                          = 4213178368                             {manageable} {ergonomic}
     bool UseCompressedClassPointers               = true                           {product lp64_product} {ergonomic}
     bool UseCompressedOops                        = true                           {product lp64_product} {ergonomic}
     bool UseG1GC                                  = true                                      {product} {ergonomic}
     bool UseLargePagesIndividualAllocation        = false                                  {pd product} {ergonomic}

Logging:
Log output configuration:
 #0: stdout all=warning uptime,level,tags
 #1: stderr all=off uptime,level,tags

Environment Variables:
PATH=C:\Program Files (x86)\Android\openjdk\jdk-17.0.14\bin;C:\Users\chedl\Downloads\WINDOWS.X64_213000_db_home\bin;C:\Users\chedl\Downloads\dbhomeXE\bin;C:\PySchool\3.10-32-bit\Scripts;C:\PySchool\3.10-32-bit;C:\app\chedl\product\18.0.0\dbhomeXE\bin;C:\Program Files\Common Files\Oracle\Java\javapath;C:\Program Files (x86)\Common Files\Oracle\Java\javapath;C:\Windows\system32;C:\Windows;C:\Windows\System32\Wbem;C:\Windows\System32\WindowsPowerShell\v1.0\;C:\Windows\System32\OpenSSH\;C:\Program Files\dotnet\;C:\Program Files\nodeJS\;C:\Program Files\Microsoft SQL Server\150\Tools\Binn\;C:\Program Files\Microsoft SQL Server\Client SDK\ODBC\170\Tools\Binn\;C:\xampp\php;C:\composer;C:\xamppp\php;C:\Program Files (x86)\Git\cmd;C:\WINDOWS\system32;C:\WINDOWS;C:\WINDOWS\System32\Wbem;C:\WINDOWS\System32\WindowsPowerShell\v1.0\;C:\WINDOWS\System32\OpenSSH\;%HADOOP_HOME%\bin;%MAVEN_HOME%\bin;C:\Program Files\NVIDIA Corporation\NVIDIA App\NvDLISR;C:\Program Files (x86)\NVIDIA Corporation\PhysX\Common;C:\PySchool\3.10-32-bit\Scripts;C:\PySchool\3.10-32-bit;C:\app\chedl\product\18.0.0\dbhomeXE\bin;C:\Program Files\Common Files\Oracle\Java\javapath;C:\Program Files (x86)\Common Files\Oracle\Java\javapath;C:\Windows\system32;C:\Windows;C:\Windows\System32\Wbem;C:\Windows\System32\WindowsPowerShell\v1.0\;C:\Windows\System32\OpenSSH\;C:\Program Files\dotnet\;C:\Program Files (x86)\NVIDIA Corporation\PhysX\Common;C:\Program Files\NVIDIA Corporation\NVIDIA app\NvDLISR;C:\Program Files\nodeJS\;C:\Program Files\Microsoft SQL Server\150\Tools\Binn\;C:\Program Files\Microsoft SQL Server\Client SDK\ODBC\170\Tools\Binn\;C:\xampp\php;C:\composer;C:\xamppp\php;C:\Program Files (x86)\Git\cmd;C:\WINDOWS\system32;C:\WINDOWS;C:\WINDOWS\System32\Wbem;C:\WINDOWS\System32\WindowsPowerShell\v1.0\;C:\WINDOWS\System32\OpenSSH\;C:\Program Files\Docker\Docker\resources\bin;C:\Users\chedl\AppData\Local\Microsoft\WindowsApps;C:\Users\chedl\AppData\Local\Programs\Microsoft VS Code\bin;C:\Users\chedl\AppData\R
USERNAME=chedl
OS=Windows_NT
PROCESSOR_IDENTIFIER=Intel64 Family 6 Model 183 Stepping 1, GenuineIntel



---------------  S Y S T E M  ---------------

OS:
 Windows 11 , 64 bit Build 26100 (10.0.26100.7920)
OS uptime: 0 days 1:12 hours
Hyper-V role detected

CPU: total 16 (initial active 16) (8 cores per cpu, 2 threads per core) family 6 model 183 stepping 1 microcode 0x133, cx8, cmov, fxsr, ht, mmx, 3dnowpref, sse, sse2, sse3, ssse3, sse4.1, sse4.2, popcnt, lzcnt, tsc, tscinvbit, avx, avx2, aes, erms, clmul, bmi1, bmi2, adx, sha, fma, vzeroupper, clflush, clflushopt, clwb, hv

Memory: 4k page, system-wide physical 16068M (1852M free)
TotalPageFile size 23291M (AvailPageFile size 5M)
current process WorkingSet (physical memory assigned to process): 13M, peak: 13M
current process commit charge ("private bytes"): 71M, peak: 323M

vm_info: Java HotSpot(TM) 64-Bit Server VM (17.0.8+9-LTS-211) for windows-amd64 JRE (17.0.8+9-LTS-211), built on Jun 14 2023 10:34:31 by "mach5one" with MS VC++ 17.1 (VS2022)

END.
